Build started 8/19/2016 1:22:22 AM.
     1>Project "C:\Users\ElnazNgb\Documents\MEGA\Elnaz\Codes\PhD_Final_III - Modular3\PhD_Final_I\PhD_Final_I.vcxproj" on node 2 (build target(s)).
     1>InitializeBuildStatus:
         Touching "Release\PhD_Final_I.unsuccessfulbuild".
       ClCompile:
         C:\Program Files (x86)\Microsoft Visual Studio 10.0\VC\bin\CL.exe /c /Zi /nologo /W3 /WX- /O2 /Oi /Oy- /GL /D _MBCS /Gm- /EHsc /MD /GS /Gy /fp:precise /Zc:wchar_t /Zc:forScope /Fo"Release\\" /Fd"Release\vc100.pdb" /Gd /TP /analyze- /errorReport:prompt coefFun1.cpp coefFun2.cpp main.cpp odeSys.cpp PhD.cpp qtrap.cpp quad2d.cpp rksim.cpp spatialMat.cpp trapzsim.cpp weigth_fun.cpp yplot.cpp
         coefFun1.cpp
     1>c:\users\elnazngb\documents\mega\elnaz\codes\phd_final_iii - modular3\phd_final_i\globalvars.h(5): fatal error C1083: Cannot open include file: 'armadillo': No such file or directory
         coefFun2.cpp
     1>c:\users\elnazngb\documents\mega\elnaz\codes\phd_final_iii - modular3\phd_final_i\globalvars.h(5): fatal error C1083: Cannot open include file: 'armadillo': No such file or directory
         main.cpp
     1>c:\users\elnazngb\documents\mega\elnaz\codes\phd_final_iii - modular3\phd_final_i\globalvars.h(5): fatal error C1083: Cannot open include file: 'armadillo': No such file or directory
         odeSys.cpp
     1>c:\users\elnazngb\documents\mega\elnaz\codes\phd_final_iii - modular3\phd_final_i\globalvars.h(5): fatal error C1083: Cannot open include file: 'armadillo': No such file or directory
         PhD.cpp
     1>c:\users\elnazngb\documents\mega\elnaz\codes\phd_final_iii - modular3\phd_final_i\globalvars.h(5): fatal error C1083: Cannot open include file: 'armadillo': No such file or directory
         qtrap.cpp
     1>c:\users\elnazngb\documents\mega\elnaz\codes\phd_final_iii - modular3\phd_final_i\globalvars.h(5): fatal error C1083: Cannot open include file: 'armadillo': No such file or directory
         quad2d.cpp
     1>c:\users\elnazngb\documents\mega\elnaz\codes\phd_final_iii - modular3\phd_final_i\globalvars.h(5): fatal error C1083: Cannot open include file: 'armadillo': No such file or directory
         rksim.cpp
     1>c:\users\elnazngb\documents\mega\elnaz\codes\phd_final_iii - modular3\phd_final_i\globalvars.h(5): fatal error C1083: Cannot open include file: 'armadillo': No such file or directory
         spatialMat.cpp
     1>c:\users\elnazngb\documents\mega\elnaz\codes\phd_final_iii - modular3\phd_final_i\globalvars.h(5): fatal error C1083: Cannot open include file: 'armadillo': No such file or directory
         trapzsim.cpp
     1>c:\users\elnazngb\documents\mega\elnaz\codes\phd_final_iii - modular3\phd_final_i\globalvars.h(5): fatal error C1083: Cannot open include file: 'armadillo': No such file or directory
         weigth_fun.cpp
     1>c:\users\elnazngb\documents\mega\elnaz\codes\phd_final_iii - modular3\phd_final_i\globalvars.h(5): fatal error C1083: Cannot open include file: 'armadillo': No such file or directory
         yplot.cpp
     1>c:\users\elnazngb\documents\mega\elnaz\codes\phd_final_iii - modular3\phd_final_i\globalvars.h(5): fatal error C1083: Cannot open include file: 'armadillo': No such file or directory
     1>Done Building Project "C:\Users\ElnazNgb\Documents\MEGA\Elnaz\Codes\PhD_Final_III - Modular3\PhD_Final_I\PhD_Final_I.vcxproj" (build target(s)) -- FAILED.

Build FAILED.

Time Elapsed 00:00:01.74
